2023-06-25 22:35:27 MSG merovingian[163855]: Merovingian 11.41.29 starting
2023-06-25 22:35:27 MSG merovingian[163855]: monitoring dbfarm /scratch/rtm-uq/lyncoln.oliveira/Git/dnnprov/DfAnalyzer/data
2023-06-25 22:35:27 MSG merovingian[163855]: accepting connections on TCP socket localhost:50000
2023-06-25 22:35:27 MSG merovingian[163855]: accepting connections on TCP socket localhost:50000
2023-06-25 22:35:27 MSG merovingian[163855]: accepting connections on UNIX domain socket /tmp/.s.monetdb.50000
2023-06-25 22:35:27 MSG discovery[163855]: listening for UDP messages on localhost:50000
2023-06-25 22:35:27 MSG control[163855]: accepting connections on UNIX domain socket /tmp/.s.merovingian.50000
2023-06-25 22:35:27 MSG control[163855]: (local): served status list
2023-06-25 22:35:27 MSG control[163855]: (local): created database 'dataflow_analyzer'
2023-06-25 22:35:27 MSG control[163855]: (local): served status list
2023-06-25 22:35:27 MSG control[163855]: (local): released database 'dataflow_analyzer'
2023-06-25 22:35:27 MSG control[163855]: (local): served status list
2023-06-25 22:35:27 MSG merovingian[163855]: starting database 'dataflow_analyzer', up min/avg/max: 0s/0s/0s, crash average: 0.00 0.00 0.00 (0-0=0)
2023-06-25 22:35:28 MSG dataflow_analyzer[163875]: arguments: /scratch/rtm-uq/lyncoln.oliveira/monetdb/bin/mserver5 --dbpath=/scratch/rtm-uq/lyncoln.oliveira/Git/dnnprov/DfAnalyzer/data/dataflow_analyzer --set merovingian_uri=mapi:monetdb://sdumont4000:50000/dataflow_analyzer --set mapi_listenaddr=none --set mapi_usock=/scratch/rtm-uq/lyncoln.oliveira/Git/dnnprov/DfAnalyzer/data/dataflow_analyzer/.mapi.sock --set monet_vault_key=/scratch/rtm-uq/lyncoln.oliveira/Git/dnnprov/DfAnalyzer/data/dataflow_analyzer/.vaultkey --set gdk_nr_threads=80 --set max_clients=64 --set sql_optimizer=default_pipe
2023-06-25 22:35:30 MSG dataflow_analyzer[163875]: # MonetDB 5 server v11.41.29
2023-06-25 22:35:30 MSG dataflow_analyzer[163875]: # This is an unreleased version
2023-06-25 22:35:30 MSG dataflow_analyzer[163875]: # Serving database 'dataflow_analyzer', using 80 threads
2023-06-25 22:35:30 MSG dataflow_analyzer[163875]: # Compiled for x86_64-pc-linux-gnu/64bit with 128bit integers
2023-06-25 22:35:30 MSG dataflow_analyzer[163875]: # Found 375.000 GiB available main-memory of which we use 305.625 GiB
2023-06-25 22:35:30 MSG dataflow_analyzer[163875]: # Copyright (c) 1993 - July 2008 CWI.
2023-06-25 22:35:30 MSG dataflow_analyzer[163875]: # Copyright (c) August 2008 - 2021 MonetDB B.V., all rights reserved
2023-06-25 22:35:30 MSG dataflow_analyzer[163875]: # Visit https://www.monetdb.org/ for further information
2023-06-25 22:35:30 MSG dataflow_analyzer[163875]: # Listening for UNIX domain connection requests on mapi:monetdb:///scratch/rtm-uq/lyncoln.oliveira/Git/dnnprov/DfAnalyzer/data/dataflow_analyzer/.mapi.sock
2023-06-25 22:35:30 MSG dataflow_analyzer[163875]: # MonetDB/GIS module loaded
2023-06-25 22:35:37 MSG dataflow_analyzer[163875]: # MonetDB/SQL module loaded
2023-06-25 22:46:41 MSG merovingian[165932]: Merovingian 11.41.29 starting
2023-06-25 22:46:41 MSG merovingian[165932]: monitoring dbfarm /scratch/rtm-uq/lyncoln.oliveira/Git/dnnprov/DfAnalyzer/data
2023-06-25 22:46:41 MSG merovingian[165932]: accepting connections on TCP socket localhost:50000
2023-06-25 22:46:41 MSG merovingian[165932]: accepting connections on TCP socket localhost:50000
2023-06-25 22:46:41 MSG merovingian[165932]: accepting connections on UNIX domain socket /tmp/.s.monetdb.50000
2023-06-25 22:46:41 MSG discovery[165932]: listening for UDP messages on localhost:50000
2023-06-25 22:46:41 MSG control[165932]: accepting connections on UNIX domain socket /tmp/.s.merovingian.50000
2023-06-25 22:46:41 MSG control[165932]: (local): served status list
2023-06-25 22:46:41 MSG control[165932]: (local): destroyed database 'dataflow_analyzer'
2023-06-25 22:46:41 MSG control[165932]: (local): created database 'dataflow_analyzer'
2023-06-25 22:46:41 MSG control[165932]: (local): served status list
2023-06-25 22:46:41 MSG control[165932]: (local): released database 'dataflow_analyzer'
2023-06-25 22:46:41 MSG control[165932]: (local): served status list
2023-06-25 22:46:42 MSG merovingian[165932]: starting database 'dataflow_analyzer', up min/avg/max: 0s/0s/0s, crash average: 0.00 0.00 0.00 (0-0=0)
2023-06-25 22:46:43 MSG dataflow_analyzer[165964]: arguments: /scratch/rtm-uq/lyncoln.oliveira/monetdb/bin/mserver5 --dbpath=/scratch/rtm-uq/lyncoln.oliveira/Git/dnnprov/DfAnalyzer/data/dataflow_analyzer --set merovingian_uri=mapi:monetdb://sdumont4000:50000/dataflow_analyzer --set mapi_listenaddr=none --set mapi_usock=/scratch/rtm-uq/lyncoln.oliveira/Git/dnnprov/DfAnalyzer/data/dataflow_analyzer/.mapi.sock --set monet_vault_key=/scratch/rtm-uq/lyncoln.oliveira/Git/dnnprov/DfAnalyzer/data/dataflow_analyzer/.vaultkey --set gdk_nr_threads=80 --set max_clients=64 --set sql_optimizer=default_pipe
2023-06-25 22:46:47 MSG dataflow_analyzer[165964]: # MonetDB 5 server v11.41.29
2023-06-25 22:46:47 MSG dataflow_analyzer[165964]: # This is an unreleased version
2023-06-25 22:46:47 MSG dataflow_analyzer[165964]: # Serving database 'dataflow_analyzer', using 80 threads
2023-06-25 22:46:47 MSG dataflow_analyzer[165964]: # Compiled for x86_64-pc-linux-gnu/64bit with 128bit integers
2023-06-25 22:46:47 MSG dataflow_analyzer[165964]: # Found 375.000 GiB available main-memory of which we use 305.625 GiB
2023-06-25 22:46:47 MSG dataflow_analyzer[165964]: # Copyright (c) 1993 - July 2008 CWI.
2023-06-25 22:46:47 MSG dataflow_analyzer[165964]: # Copyright (c) August 2008 - 2021 MonetDB B.V., all rights reserved
2023-06-25 22:46:47 MSG dataflow_analyzer[165964]: # Visit https://www.monetdb.org/ for further information
2023-06-25 22:46:47 MSG dataflow_analyzer[165964]: # Listening for UNIX domain connection requests on mapi:monetdb:///scratch/rtm-uq/lyncoln.oliveira/Git/dnnprov/DfAnalyzer/data/dataflow_analyzer/.mapi.sock
2023-06-25 22:46:47 MSG dataflow_analyzer[165964]: # MonetDB/GIS module loaded
2023-06-25 22:46:53 MSG dataflow_analyzer[165964]: # MonetDB/SQL module loaded
2023-06-26 19:12:01 MSG merovingian[26365]: Merovingian 11.41.29 starting
2023-06-26 19:12:01 MSG merovingian[26365]: monitoring dbfarm /scratch/rtm-uq/lyncoln.oliveira/Git/dnnprov/DfAnalyzer/data
2023-06-26 19:12:01 MSG merovingian[26365]: accepting connections on TCP socket localhost:50000
2023-06-26 19:12:01 MSG merovingian[26365]: accepting connections on TCP socket localhost:50000
2023-06-26 19:12:01 MSG merovingian[26365]: accepting connections on UNIX domain socket /tmp/.s.monetdb.50000
2023-06-26 19:12:01 MSG discovery[26365]: listening for UDP messages on localhost:50000
2023-06-26 19:12:01 MSG control[26365]: accepting connections on UNIX domain socket /tmp/.s.merovingian.50000
2023-06-26 19:12:15 MSG merovingian[26365]: database 'dataflow_analyzer' has crashed after start on 2023-06-25 22:46:42, attempting restart, up min/avg/max: 0s/0s/0s, crash average: 1.00 0.10 0.03 (1-0=1)
2023-06-26 19:12:16 MSG dataflow_analyzer[27821]: arguments: /scratch/rtm-uq/lyncoln.oliveira/monetdb/bin/mserver5 --dbpath=/scratch/rtm-uq/lyncoln.oliveira/Git/dnnprov/DfAnalyzer/data/dataflow_analyzer --set merovingian_uri=mapi:monetdb://sdumont14:50000/dataflow_analyzer --set mapi_listenaddr=none --set mapi_usock=/scratch/rtm-uq/lyncoln.oliveira/Git/dnnprov/DfAnalyzer/data/dataflow_analyzer/.mapi.sock --set monet_vault_key=/scratch/rtm-uq/lyncoln.oliveira/Git/dnnprov/DfAnalyzer/data/dataflow_analyzer/.vaultkey --set gdk_nr_threads=24 --set max_clients=64 --set sql_optimizer=default_pipe
2023-06-26 19:12:17 MSG dataflow_analyzer[27821]: # MonetDB 5 server v11.41.29
2023-06-26 19:12:17 MSG dataflow_analyzer[27821]: # This is an unreleased version
2023-06-26 19:12:17 MSG dataflow_analyzer[27821]: # Serving database 'dataflow_analyzer', using 24 threads
2023-06-26 19:12:17 MSG dataflow_analyzer[27821]: # Compiled for x86_64-pc-linux-gnu/64bit with 128bit integers
2023-06-26 19:12:17 MSG dataflow_analyzer[27821]: # Found 125.721 GiB available main-memory of which we use 102.463 GiB
2023-06-26 19:12:17 MSG dataflow_analyzer[27821]: # Copyright (c) 1993 - July 2008 CWI.
2023-06-26 19:12:17 MSG dataflow_analyzer[27821]: # Copyright (c) August 2008 - 2021 MonetDB B.V., all rights reserved
2023-06-26 19:12:17 MSG dataflow_analyzer[27821]: # Visit https://www.monetdb.org/ for further information
2023-06-26 19:12:17 MSG dataflow_analyzer[27821]: # Listening for UNIX domain connection requests on mapi:monetdb:///scratch/rtm-uq/lyncoln.oliveira/Git/dnnprov/DfAnalyzer/data/dataflow_analyzer/.mapi.sock
2023-06-26 19:12:17 MSG dataflow_analyzer[27821]: # MonetDB/GIS module loaded
2023-06-26 19:20:42 MSG merovingian[26365]: caught SIGTERM, starting shutdown sequence
2023-06-26 19:20:42 MSG control[26365]: control channel closed
2023-06-26 19:24:54 MSG dataflow_analyzer[27821]: # MonetDB/SQL module loaded
2023-06-26 19:24:54 MSG merovingian[26365]: sending process 27821 (database 'dataflow_analyzer') the TERM signal
2023-06-26 19:24:54 MSG merovingian[26365]: database 'dataflow_analyzer' has shut down
2023-06-26 19:24:54 MSG merovingian[26365]: Merovingian 11.41.29 stopped
2023-06-26 19:25:22 MSG merovingian[17880]: Merovingian 11.41.29 starting
2023-06-26 19:25:22 MSG merovingian[17880]: monitoring dbfarm /scratch/rtm-uq/lyncoln.oliveira/Git/dnnprov/DfAnalyzer/data
2023-06-26 19:25:22 MSG merovingian[17880]: accepting connections on TCP socket localhost:50000
2023-06-26 19:25:22 MSG merovingian[17880]: accepting connections on TCP socket localhost:50000
2023-06-26 19:25:22 MSG merovingian[17880]: accepting connections on UNIX domain socket /tmp/.s.monetdb.50000
2023-06-26 19:25:22 MSG discovery[17880]: listening for UDP messages on localhost:50000
2023-06-26 19:25:22 MSG control[17880]: accepting connections on UNIX domain socket /tmp/.s.merovingian.50000
2023-06-26 19:25:42 MSG merovingian[17880]: starting database 'dataflow_analyzer', up min/avg/max: 12m/12m/12m, crash average: 0.00 0.10 0.03 (2-1=1)
2023-06-26 19:25:43 MSG dataflow_analyzer[17904]: arguments: /scratch/rtm-uq/lyncoln.oliveira/monetdb/bin/mserver5 --dbpath=/scratch/rtm-uq/lyncoln.oliveira/Git/dnnprov/DfAnalyzer/data/dataflow_analyzer --set merovingian_uri=mapi:monetdb://sdumont3075:50000/dataflow_analyzer --set mapi_listenaddr=none --set mapi_usock=/scratch/rtm-uq/lyncoln.oliveira/Git/dnnprov/DfAnalyzer/data/dataflow_analyzer/.mapi.sock --set monet_vault_key=/scratch/rtm-uq/lyncoln.oliveira/Git/dnnprov/DfAnalyzer/data/dataflow_analyzer/.vaultkey --set gdk_nr_threads=24 --set max_clients=64 --set sql_optimizer=default_pipe
2023-06-26 19:25:43 MSG dataflow_analyzer[17904]: # MonetDB 5 server v11.41.29
2023-06-26 19:25:43 MSG dataflow_analyzer[17904]: # This is an unreleased version
2023-06-26 19:25:43 MSG dataflow_analyzer[17904]: # Serving database 'dataflow_analyzer', using 24 threads
2023-06-26 19:25:43 MSG dataflow_analyzer[17904]: # Compiled for x86_64-pc-linux-gnu/64bit with 128bit integers
2023-06-26 19:25:43 MSG dataflow_analyzer[17904]: # Found 62.732 GiB available main-memory of which we use 51.126 GiB
2023-06-26 19:25:43 MSG dataflow_analyzer[17904]: # Copyright (c) 1993 - July 2008 CWI.
2023-06-26 19:25:43 MSG dataflow_analyzer[17904]: # Copyright (c) August 2008 - 2021 MonetDB B.V., all rights reserved
2023-06-26 19:25:43 MSG dataflow_analyzer[17904]: # Visit https://www.monetdb.org/ for further information
2023-06-26 19:25:43 MSG dataflow_analyzer[17904]: # Listening for UNIX domain connection requests on mapi:monetdb:///scratch/rtm-uq/lyncoln.oliveira/Git/dnnprov/DfAnalyzer/data/dataflow_analyzer/.mapi.sock
2023-06-26 19:25:43 MSG dataflow_analyzer[17904]: # MonetDB/GIS module loaded
2023-06-26 19:25:47 MSG dataflow_analyzer[17904]: # MonetDB/SQL module loaded
2023-06-26 19:28:13 MSG merovingian[17880]: caught SIGTERM, starting shutdown sequence
2023-06-26 19:28:13 MSG control[17880]: control channel closed
2023-06-26 19:28:13 MSG merovingian[17880]: sending process 17904 (database 'dataflow_analyzer') the TERM signal
2023-06-26 19:28:14 MSG merovingian[17880]: database 'dataflow_analyzer' has shut down
