----------------- Exp_1 -----------------
Sáb Jun 24 12:27:45 -03 2023
2023-06-24 12:28:12.640335: I tensorflow/stream_executor/platform/default/dso_loader.cc:49] Successfully opened dynamic library libcudart.so.10.1
WARNING:tensorflow:From /scratch/rtm-uq/lyncoln.oliveira/envs/pinneikonal-env/lib/python3.8/site-packages/tensorflow/python/compat/v2_compat.py:96: disable_resource_variables (from tensorflow.python.ops.variable_scope) is deprecated and will be removed in a future version.
Instructions for updating:
non-resource variables are not supported in the long term
usage: noprovmain.py [-h] [--adam_its ADAM_ITS] [--nx NX] [--ny NY]
                     [--folder FOLDER] [--batchsize BATCHSIZE]
noprovmain.py: error: unrecognized arguments: Exp_1
Sáb Jun 24 12:30:40 -03 2023
----------------- Exp_2 -----------------
Sáb Jun 24 12:30:40 -03 2023
2023-06-24 12:30:41.443289: I tensorflow/stream_executor/platform/default/dso_loader.cc:49] Successfully opened dynamic library libcudart.so.10.1
WARNING:tensorflow:From /scratch/rtm-uq/lyncoln.oliveira/envs/pinneikonal-env/lib/python3.8/site-packages/tensorflow/python/compat/v2_compat.py:96: disable_resource_variables (from tensorflow.python.ops.variable_scope) is deprecated and will be removed in a future version.
Instructions for updating:
non-resource variables are not supported in the long term
usage: noprovmain.py [-h] [--adam_its ADAM_ITS] [--nx NX] [--ny NY]
                     [--folder FOLDER] [--batchsize BATCHSIZE]
noprovmain.py: error: unrecognized arguments: Exp_2
Sáb Jun 24 12:30:46 -03 2023
----------------- Exp_3 -----------------
Sáb Jun 24 12:30:46 -03 2023
2023-06-24 12:30:46.655944: I tensorflow/stream_executor/platform/default/dso_loader.cc:49] Successfully opened dynamic library libcudart.so.10.1
WARNING:tensorflow:From /scratch/rtm-uq/lyncoln.oliveira/envs/pinneikonal-env/lib/python3.8/site-packages/tensorflow/python/compat/v2_compat.py:96: disable_resource_variables (from tensorflow.python.ops.variable_scope) is deprecated and will be removed in a future version.
Instructions for updating:
non-resource variables are not supported in the long term
usage: noprovmain.py [-h] [--adam_its ADAM_ITS] [--nx NX] [--ny NY]
                     [--folder FOLDER] [--batchsize BATCHSIZE]
noprovmain.py: error: unrecognized arguments: Exp_3
Sáb Jun 24 12:30:51 -03 2023
----------------- Exp_4 -----------------
Sáb Jun 24 12:30:51 -03 2023
2023-06-24 12:30:51.904647: I tensorflow/stream_executor/platform/default/dso_loader.cc:49] Successfully opened dynamic library libcudart.so.10.1
WARNING:tensorflow:From /scratch/rtm-uq/lyncoln.oliveira/envs/pinneikonal-env/lib/python3.8/site-packages/tensorflow/python/compat/v2_compat.py:96: disable_resource_variables (from tensorflow.python.ops.variable_scope) is deprecated and will be removed in a future version.
Instructions for updating:
non-resource variables are not supported in the long term
usage: noprovmain.py [-h] [--adam_its ADAM_ITS] [--nx NX] [--ny NY]
                     [--folder FOLDER] [--batchsize BATCHSIZE]
noprovmain.py: error: unrecognized arguments: Exp_4
Sáb Jun 24 12:30:56 -03 2023
----------------- Exp_5 -----------------
Sáb Jun 24 12:30:56 -03 2023
2023-06-24 12:30:57.126162: I tensorflow/stream_executor/platform/default/dso_loader.cc:49] Successfully opened dynamic library libcudart.so.10.1
WARNING:tensorflow:From /scratch/rtm-uq/lyncoln.oliveira/envs/pinneikonal-env/lib/python3.8/site-packages/tensorflow/python/compat/v2_compat.py:96: disable_resource_variables (from tensorflow.python.ops.variable_scope) is deprecated and will be removed in a future version.
Instructions for updating:
non-resource variables are not supported in the long term
usage: noprovmain.py [-h] [--adam_its ADAM_ITS] [--nx NX] [--ny NY]
                     [--folder FOLDER] [--batchsize BATCHSIZE]
noprovmain.py: error: unrecognized arguments: Exp_5
Sáb Jun 24 12:31:01 -03 2023
----------------- Exp_6 -----------------
Sáb Jun 24 12:31:01 -03 2023
2023-06-24 12:31:02.387918: I tensorflow/stream_executor/platform/default/dso_loader.cc:49] Successfully opened dynamic library libcudart.so.10.1
WARNING:tensorflow:From /scratch/rtm-uq/lyncoln.oliveira/envs/pinneikonal-env/lib/python3.8/site-packages/tensorflow/python/compat/v2_compat.py:96: disable_resource_variables (from tensorflow.python.ops.variable_scope) is deprecated and will be removed in a future version.
Instructions for updating:
non-resource variables are not supported in the long term
usage: noprovmain.py [-h] [--adam_its ADAM_ITS] [--nx NX] [--ny NY]
                     [--folder FOLDER] [--batchsize BATCHSIZE]
noprovmain.py: error: unrecognized arguments: Exp_6
Sáb Jun 24 12:31:07 -03 2023
----------------- Exp_7 -----------------
Sáb Jun 24 12:31:07 -03 2023
2023-06-24 12:31:07.941101: I tensorflow/stream_executor/platform/default/dso_loader.cc:49] Successfully opened dynamic library libcudart.so.10.1
WARNING:tensorflow:From /scratch/rtm-uq/lyncoln.oliveira/envs/pinneikonal-env/lib/python3.8/site-packages/tensorflow/python/compat/v2_compat.py:96: disable_resource_variables (from tensorflow.python.ops.variable_scope) is deprecated and will be removed in a future version.
Instructions for updating:
non-resource variables are not supported in the long term
usage: noprovmain.py [-h] [--adam_its ADAM_ITS] [--nx NX] [--ny NY]
                     [--folder FOLDER] [--batchsize BATCHSIZE]
noprovmain.py: error: unrecognized arguments: Exp_7
Sáb Jun 24 12:31:12 -03 2023
----------------- Exp_8 -----------------
Sáb Jun 24 12:31:12 -03 2023
2023-06-24 12:31:13.128255: I tensorflow/stream_executor/platform/default/dso_loader.cc:49] Successfully opened dynamic library libcudart.so.10.1
WARNING:tensorflow:From /scratch/rtm-uq/lyncoln.oliveira/envs/pinneikonal-env/lib/python3.8/site-packages/tensorflow/python/compat/v2_compat.py:96: disable_resource_variables (from tensorflow.python.ops.variable_scope) is deprecated and will be removed in a future version.
Instructions for updating:
non-resource variables are not supported in the long term
usage: noprovmain.py [-h] [--adam_its ADAM_ITS] [--nx NX] [--ny NY]
                     [--folder FOLDER] [--batchsize BATCHSIZE]
noprovmain.py: error: unrecognized arguments: Exp_8
Sáb Jun 24 12:31:17 -03 2023
----------------- Exp_9 -----------------
Sáb Jun 24 12:31:17 -03 2023
2023-06-24 12:31:18.347389: I tensorflow/stream_executor/platform/default/dso_loader.cc:49] Successfully opened dynamic library libcudart.so.10.1
WARNING:tensorflow:From /scratch/rtm-uq/lyncoln.oliveira/envs/pinneikonal-env/lib/python3.8/site-packages/tensorflow/python/compat/v2_compat.py:96: disable_resource_variables (from tensorflow.python.ops.variable_scope) is deprecated and will be removed in a future version.
Instructions for updating:
non-resource variables are not supported in the long term
usage: noprovmain.py [-h] [--adam_its ADAM_ITS] [--nx NX] [--ny NY]
                     [--folder FOLDER] [--batchsize BATCHSIZE]
noprovmain.py: error: unrecognized arguments: Exp_9
Sáb Jun 24 12:31:23 -03 2023
